
=== Store 001 Section Comments (2025-07-03 20:02:13) ===
Section A1 | Section ID: 1 | Field ID: 4 | Submission ID: 1039 | Comment: [blank]
Section A2 | Section ID: 2 | Field ID: 10 | Submission ID: 3051 | Comment: [blank]
Section B3 | Section ID: 7 | Field ID: 45 | Submission ID: 1433 | Comment: [blank]
Section A3 | Section ID: 3 | Field ID: 16 | Submission ID: 1041 | Comment: [blank]
Section C1 | Section ID: 10 | Field ID: 63 | Submission ID: 1849 | Comment: [blank]
Section A4 | Section ID: 4 | Field ID: 22 | Submission ID: 1042 | Comment: [blank]
Section B5 | Section ID: 9 | Field ID: 57 | Submission ID: 1435 | Comment: [blank]
Section B1 | Section ID: 5 | Field ID: 28 | Submission ID: 1431 | Comment: [blank]
Section C3 | Section ID: 12 | Field ID: 77 | Submission ID: 1851 | Comment: [blank]
Section D8 | Section ID: 20 | Field ID: 130 | Submission ID: 2218 | Comment: [blank]
Section D2 | Section ID: 14 | Field ID: 91 | Submission ID: 2212 | Comment: [blank]
Section D9 | Section ID: 21 | Field ID: 136 | Submission ID: 2219 | Comment: [blank]
Section B2 | Section ID: 6 | Field ID: 36 | Submission ID: 1432 | Comment: [blank]
Section D5 | Section ID: 17 | Field ID: 110 | Submission ID: 2215 | Comment: [blank]
Section D6 | Section ID: 18 | Field ID: 116 | Submission ID: 2216 | Comment: [blank]
Section B4 | Section ID: 8 | Field ID: 51 | Submission ID: 1434 | Comment: [blank]
Section D7 | Section ID: 19 | Field ID: 123 | Submission ID: 2217 | Comment: [blank]
Section D3 | Section ID: 15 | Field ID: 98 | Submission ID: 2213 | Comment: [blank]
Section E1 | Section ID: 25 | Field ID: 168 | Submission ID: 2223 | Comment: [blank]
Section D10 | Section ID: 22 | Field ID: 142 | Submission ID: 2220 | Comment: [blank]
Section C2 | Section ID: 11 | Field ID: 68 | Submission ID: 1850 | Comment: [blank]
Section D11 | Section ID: 23 | Field ID: 149 | Submission ID: 2221 | Comment: [blank]
Section D12 | Section ID: 24 | Field ID: 158 | Submission ID: 2222 | Comment: [blank]
Section D1 | Section ID: 13 | Field ID: 84 | Submission ID: 2211 | Comment: [blank]
Section D4 | Section ID: 16 | Field ID: 104 | Submission ID: 2214 | Comment: [blank]

=== Store 015 Section Comments (2025-07-03 20:12:25) ===
Section A1 | Section ID: 1 | Field ID: 4 | Submission ID: 3093 | Comment: we do not have road sign / lawn sign
Section A2 | Section ID: 2 | Field ID: 10 | Submission ID: 3186 | Comment: [blank]
Section A3 | Section ID: 3 | Field ID: 16 | Submission ID: 3095 | Comment: [blank]
Section B3 | Section ID: 7 | Field ID: 45 | Submission ID: 3096 | Comment: [blank]
Section B4 | Section ID: 8 | Field ID: 51 | Submission ID: 1126 | Comment: [blank]
Section A4 | Section ID: 4 | Field ID: 22 | Submission ID: 2739 | Comment: [blank]
Section B5 | Section ID: 9 | Field ID: 57 | Submission ID: 1127 | Comment: [blank]
Section C1 | Section ID: 10 | Field ID: 63 | Submission ID: 1158 | Comment: [blank]
Section B2 | Section ID: 6 | Field ID: 36 | Submission ID: 2340 | Comment: [blank]
Section D1 | Section ID: 13 | Field ID: 84 | Submission ID: 1474 | Comment: [blank]
Section D9 | Section ID: 21 | Field ID: 136 | Submission ID: 1482 | Comment: [blank]
Section D5 | Section ID: 17 | Field ID: 110 | Submission ID: 1478 | Comment: [blank]
Section C2 | Section ID: 11 | Field ID: 68 | Submission ID: 1159 | Comment: [blank]
Section D3 | Section ID: 15 | Field ID: 98 | Submission ID: 1476 | Comment: [blank]
Section D8 | Section ID: 20 | Field ID: 130 | Submission ID: 1481 | Comment: [blank]
Section D6 | Section ID: 18 | Field ID: 116 | Submission ID: 1479 | Comment: [blank]
Section D2 | Section ID: 14 | Field ID: 91 | Submission ID: 1475 | Comment: [blank]
Section D7 | Section ID: 19 | Field ID: 123 | Submission ID: 1480 | Comment: [blank]
Section D4 | Section ID: 16 | Field ID: 104 | Submission ID: 1477 | Comment: [blank]
Section E1 | Section ID: 25 | Field ID: 168 | Submission ID: 1486 | Comment: [blank]
Section B1 | Section ID: 5 | Field ID: 28 | Submission ID: 1123 | Comment: [blank]
Section D10 | Section ID: 22 | Field ID: 142 | Submission ID: 1483 | Comment: [blank]
Section C3 | Section ID: 12 | Field ID: 77 | Submission ID: 1160 | Comment: [blank]
Section D11 | Section ID: 23 | Field ID: 149 | Submission ID: 1484 | Comment: [blank]
Section D12 | Section ID: 24 | Field ID: 158 | Submission ID: 1485 | Comment: [blank]

=== Store 001 Section Comments (2025-07-04 13:11:38) ===
Section B1 | Section ID: 5 | Field ID: 28 | Submission ID: 1431 | Comment: [blank]
Section A2 | Section ID: 2 | Field ID: 10 | Submission ID: 3051 | Comment: [blank]
Section A4 | Section ID: 4 | Field ID: 22 | Submission ID: 1042 | Comment: [blank]
Section C1 | Section ID: 10 | Field ID: 63 | Submission ID: 1849 | Comment: [blank]
Section D7 | Section ID: 19 | Field ID: 123 | Submission ID: 2217 | Comment: [blank]
Section B4 | Section ID: 8 | Field ID: 51 | Submission ID: 1434 | Comment: [blank]
Section C3 | Section ID: 12 | Field ID: 77 | Submission ID: 1851 | Comment: [blank]
Section B2 | Section ID: 6 | Field ID: 36 | Submission ID: 1432 | Comment: [blank]
Section B5 | Section ID: 9 | Field ID: 57 | Submission ID: 1435 | Comment: [blank]
Section D9 | Section ID: 21 | Field ID: 136 | Submission ID: 2219 | Comment: [blank]
Section B3 | Section ID: 7 | Field ID: 45 | Submission ID: 1433 | Comment: [blank]
Section D5 | Section ID: 17 | Field ID: 110 | Submission ID: 2215 | Comment: [blank]
Section D2 | Section ID: 14 | Field ID: 91 | Submission ID: 2212 | Comment: [blank]
Section D1 | Section ID: 13 | Field ID: 84 | Submission ID: 2211 | Comment: [blank]
Section A3 | Section ID: 3 | Field ID: 16 | Submission ID: 1041 | Comment: [blank]
Section E1 | Section ID: 25 | Field ID: 168 | Submission ID: 2223 | Comment: [blank]
Section D6 | Section ID: 18 | Field ID: 116 | Submission ID: 2216 | Comment: [blank]
Section D8 | Section ID: 20 | Field ID: 130 | Submission ID: 2218 | Comment: [blank]
Section D10 | Section ID: 22 | Field ID: 142 | Submission ID: 2220 | Comment: [blank]
Section D11 | Section ID: 23 | Field ID: 149 | Submission ID: 2221 | Comment: [blank]
Section D3 | Section ID: 15 | Field ID: 98 | Submission ID: 2213 | Comment: [blank]
Section D12 | Section ID: 24 | Field ID: 158 | Submission ID: 2222 | Comment: [blank]
Section D4 | Section ID: 16 | Field ID: 104 | Submission ID: 2214 | Comment: [blank]
Section C2 | Section ID: 11 | Field ID: 68 | Submission ID: 1850 | Comment: [blank]
Section A1 | Section ID: 1 | Field ID: 4 | Submission ID: 1039 | Comment: [blank]

=== Store 026 Section Comments (2025-07-04 13:20:21) ===
Section A2 | Section ID: 2 | Field ID: 10 | Submission ID: 3055 | Comment: [blank]
Section A4 | Section ID: 4 | Field ID: 22 | Submission ID: 477 | Comment: [blank]
Section A3 | Section ID: 3 | Field ID: 16 | Submission ID: 476 | Comment: [blank]
Section B1 | Section ID: 5 | Field ID: 28 | Submission ID: 486 | Comment: [blank]
Section A1 | Section ID: 1 | Field ID: 4 | Submission ID: 2338 | Comment: There is no road signage 
Section B3 | Section ID: 7 | Field ID: 45 | Submission ID: 2342 | Comment: [blank]
Section B4 | Section ID: 8 | Field ID: 51 | Submission ID: 489 | Comment: [blank]
Section B5 | Section ID: 9 | Field ID: 57 | Submission ID: 490 | Comment: [blank]
Section D10 | Section ID: 22 | Field ID: 142 | Submission ID: 1028 | Comment: [blank]
Section C3 | Section ID: 12 | Field ID: 77 | Submission ID: 870 | Comment: [blank]
Section B2 | Section ID: 6 | Field ID: 36 | Submission ID: 487 | Comment: [blank]
Section D4 | Section ID: 16 | Field ID: 104 | Submission ID: 1022 | Comment: [blank]
Section D2 | Section ID: 14 | Field ID: 91 | Submission ID: 1020 | Comment: [blank]
Section C1 | Section ID: 10 | Field ID: 63 | Submission ID: 868 | Comment: [blank]
Section D6 | Section ID: 18 | Field ID: 116 | Submission ID: 1024 | Comment: [blank]
Section D3 | Section ID: 15 | Field ID: 98 | Submission ID: 1021 | Comment: [blank]
Section D5 | Section ID: 17 | Field ID: 110 | Submission ID: 1023 | Comment: [blank]
Section D9 | Section ID: 21 | Field ID: 136 | Submission ID: 1027 | Comment: [blank]
Section D1 | Section ID: 13 | Field ID: 84 | Submission ID: 1019 | Comment: [blank]
Section E1 | Section ID: 25 | Field ID: 168 | Submission ID: 1031 | Comment: [blank]
Section D7 | Section ID: 19 | Field ID: 123 | Submission ID: 1025 | Comment: [blank]
Section D11 | Section ID: 23 | Field ID: 149 | Submission ID: 1029 | Comment: [blank]
Section D8 | Section ID: 20 | Field ID: 130 | Submission ID: 1026 | Comment: [blank]
Section D12 | Section ID: 24 | Field ID: 158 | Submission ID: 1030 | Comment: [blank]
Section C2 | Section ID: 11 | Field ID: 68 | Submission ID: 869 | Comment: [blank]
